2021-03-02 00:00:00 [DEBUG] com.zaxxer.hikari.pool.HikariPool - HikariPool-3 - Pool stats (total=10, active=0, idle=10, waiting=0)
2021-03-02 00:00:00 [DEBUG] com.zaxxer.hikari.pool.HikariPool - HikariPool-3 - Fill pool skipped, pool is at sufficient level.
2021-03-02 00:00:30 [DEBUG] com.zaxxer.hikari.pool.HikariPool - HikariPool-3 - Pool stats (total=10, active=0, idle=10, waiting=0)
2021-03-02 00:00:30 [DEBUG] com.zaxxer.hikari.pool.HikariPool - HikariPool-3 - Fill pool skipped, pool is at sufficient level.
2021-03-02 00:01:00 [DEBUG] com.zaxxer.hikari.pool.HikariPool - HikariPool-3 - Pool stats (total=10, active=0, idle=10, waiting=0)
2021-03-02 00:01:00 [DEBUG] com.zaxxer.hikari.pool.HikariPool - HikariPool-3 - Fill pool skipped, pool is at sufficient level.
2021-03-02 00:01:30 [DEBUG] com.zaxxer.hikari.pool.HikariPool - HikariPool-3 - Pool stats (total=10, active=0, idle=10, waiting=0)
2021-03-02 00:01:30 [DEBUG] com.zaxxer.hikari.pool.HikariPool - HikariPool-3 - Fill pool skipped, pool is at sufficient level.
2021-03-02 00:02:00 [DEBUG] com.zaxxer.hikari.pool.HikariPool - HikariPool-3 - Pool stats (total=10, active=0, idle=10, waiting=0)
2021-03-02 00:02:00 [DEBUG] com.zaxxer.hikari.pool.HikariPool - HikariPool-3 - Fill pool skipped, pool is at sufficient level.
2021-03-02 00:02:30 [DEBUG] com.zaxxer.hikari.pool.HikariPool - HikariPool-3 - Pool stats (total=10, active=0, idle=10, waiting=0)
2021-03-02 00:02:30 [DEBUG] com.zaxxer.hikari.pool.HikariPool - HikariPool-3 - Fill pool skipped, pool is at sufficient level.
2021-03-02 00:03:00 [DEBUG] com.zaxxer.hikari.pool.HikariPool - HikariPool-3 - Pool stats (total=10, active=0, idle=10, waiting=0)
2021-03-02 00:03:00 [DEBUG] com.zaxxer.hikari.pool.HikariPool - HikariPool-3 - Fill pool skipped, pool is at sufficient level.
2021-03-02 00:03:30 [DEBUG] com.zaxxer.hikari.pool.HikariPool - HikariPool-3 - Pool stats (total=10, active=0, idle=10, waiting=0)
2021-03-02 00:03:30 [DEBUG] com.zaxxer.hikari.pool.HikariPool - HikariPool-3 - Fill pool skipped, pool is at sufficient level.
2021-03-02 00:04:00 [DEBUG] com.zaxxer.hikari.pool.HikariPool - HikariPool-3 - Pool stats (total=10, active=0, idle=10, waiting=0)
2021-03-02 00:04:00 [DEBUG] com.zaxxer.hikari.pool.HikariPool - HikariPool-3 - Fill pool skipped, pool is at sufficient level.
2021-03-02 00:04:30 [DEBUG] com.zaxxer.hikari.pool.HikariPool - HikariPool-3 - Pool stats (total=10, active=0, idle=10, waiting=0)
2021-03-02 00:04:30 [DEBUG] com.zaxxer.hikari.pool.HikariPool - HikariPool-3 - Fill pool skipped, pool is at sufficient level.
2021-03-02 00:05:00 [DEBUG] com.zaxxer.hikari.pool.HikariPool - HikariPool-3 - Pool stats (total=10, active=0, idle=10, waiting=0)
2021-03-02 00:05:00 [DEBUG] com.zaxxer.hikari.pool.HikariPool - HikariPool-3 - Fill pool skipped, pool is at sufficient level.
2021-03-02 00:05:30 [DEBUG] com.zaxxer.hikari.pool.HikariPool - HikariPool-3 - Pool stats (total=10, active=0, idle=10, waiting=0)
2021-03-02 00:05:30 [DEBUG] com.zaxxer.hikari.pool.HikariPool - HikariPool-3 - Fill pool skipped, pool is at sufficient level.
2021-03-02 00:06:00 [DEBUG] com.zaxxer.hikari.pool.HikariPool - HikariPool-3 - Pool stats (total=10, active=0, idle=10, waiting=0)
2021-03-02 00:06:00 [DEBUG] com.zaxxer.hikari.pool.HikariPool - HikariPool-3 - Fill pool skipped, pool is at sufficient level.
2021-03-02 00:06:30 [DEBUG] com.zaxxer.hikari.pool.HikariPool - HikariPool-3 - Pool stats (total=10, active=0, idle=10, waiting=0)
2021-03-02 00:06:30 [DEBUG] com.zaxxer.hikari.pool.HikariPool - HikariPool-3 - Fill pool skipped, pool is at sufficient level.
2021-03-02 00:07:00 [DEBUG] com.zaxxer.hikari.pool.HikariPool - HikariPool-3 - Pool stats (total=10, active=0, idle=10, waiting=0)
2021-03-02 00:07:00 [DEBUG] com.zaxxer.hikari.pool.HikariPool - HikariPool-3 - Fill pool skipped, pool is at sufficient level.
2021-03-02 00:07:30 [DEBUG] com.zaxxer.hikari.pool.HikariPool - HikariPool-3 - Pool stats (total=10, active=0, idle=10, waiting=0)
2021-03-02 00:07:30 [DEBUG] com.zaxxer.hikari.pool.HikariPool - HikariPool-3 - Fill pool skipped, pool is at sufficient level.
2021-03-02 00:08:00 [DEBUG] com.zaxxer.hikari.pool.HikariPool - HikariPool-3 - Pool stats (total=10, active=0, idle=10, waiting=0)
2021-03-02 00:08:00 [DEBUG] com.zaxxer.hikari.pool.HikariPool - HikariPool-3 - Fill pool skipped, pool is at sufficient level.
2021-03-02 00:08:30 [DEBUG] com.zaxxer.hikari.pool.HikariPool - HikariPool-3 - Pool stats (total=10, active=0, idle=10, waiting=0)
2021-03-02 00:08:30 [DEBUG] com.zaxxer.hikari.pool.HikariPool - HikariPool-3 - Fill pool skipped, pool is at sufficient level.
2021-03-02 00:09:00 [DEBUG] com.zaxxer.hikari.pool.HikariPool - HikariPool-3 - Pool stats (total=10, active=0, idle=10, waiting=0)
2021-03-02 00:09:00 [DEBUG] com.zaxxer.hikari.pool.HikariPool - HikariPool-3 - Fill pool skipped, pool is at sufficient level.
2021-03-02 00:09:30 [DEBUG] com.zaxxer.hikari.pool.HikariPool - HikariPool-3 - Pool stats (total=10, active=0, idle=10, waiting=0)
2021-03-02 00:09:30 [DEBUG] com.zaxxer.hikari.pool.HikariPool - HikariPool-3 - Fill pool skipped, pool is at sufficient level.
2021-03-02 00:10:00 [DEBUG] com.zaxxer.hikari.pool.HikariPool - HikariPool-3 - Pool stats (total=10, active=0, idle=10, waiting=0)
2021-03-02 00:10:00 [DEBUG] com.zaxxer.hikari.pool.HikariPool - HikariPool-3 - Fill pool skipped, pool is at sufficient level.
2021-03-02 00:10:30 [DEBUG] com.zaxxer.hikari.pool.HikariPool - HikariPool-3 - Pool stats (total=10, active=0, idle=10, waiting=0)
2021-03-02 00:10:30 [DEBUG] com.zaxxer.hikari.pool.HikariPool - HikariPool-3 - Fill pool skipped, pool is at sufficient level.
2021-03-02 00:11:00 [DEBUG] com.zaxxer.hikari.pool.HikariPool - HikariPool-3 - Pool stats (total=10, active=0, idle=10, waiting=0)
2021-03-02 00:11:00 [DEBUG] com.zaxxer.hikari.pool.HikariPool - HikariPool-3 - Fill pool skipped, pool is at sufficient level.
2021-03-02 00:11:30 [DEBUG] com.zaxxer.hikari.pool.HikariPool - HikariPool-3 - Pool stats (total=10, active=0, idle=10, waiting=0)
2021-03-02 00:11:30 [DEBUG] com.zaxxer.hikari.pool.HikariPool - HikariPool-3 - Fill pool skipped, pool is at sufficient level.
2021-03-02 00:12:00 [DEBUG] com.zaxxer.hikari.pool.HikariPool - HikariPool-3 - Pool stats (total=10, active=0, idle=10, waiting=0)
2021-03-02 00:12:00 [DEBUG] com.zaxxer.hikari.pool.HikariPool - HikariPool-3 - Fill pool skipped, pool is at sufficient level.
2021-03-02 00:12:30 [DEBUG] com.zaxxer.hikari.pool.HikariPool - HikariPool-3 - Pool stats (total=10, active=0, idle=10, waiting=0)
2021-03-02 00:12:30 [DEBUG] com.zaxxer.hikari.pool.HikariPool - HikariPool-3 - Fill pool skipped, pool is at sufficient level.
2021-03-02 00:13:00 [DEBUG] com.zaxxer.hikari.pool.HikariPool - HikariPool-3 - Pool stats (total=10, active=0, idle=10, waiting=0)
2021-03-02 00:13:00 [DEBUG] com.zaxxer.hikari.pool.HikariPool - HikariPool-3 - Fill pool skipped, pool is at sufficient level.
2021-03-02 00:13:30 [DEBUG] com.zaxxer.hikari.pool.HikariPool - HikariPool-3 - Pool stats (total=10, active=0, idle=10, waiting=0)
2021-03-02 00:13:30 [DEBUG] com.zaxxer.hikari.pool.HikariPool - HikariPool-3 - Fill pool skipped, pool is at sufficient level.
2021-03-02 00:14:00 [DEBUG] com.zaxxer.hikari.pool.HikariPool - HikariPool-3 - Pool stats (total=10, active=0, idle=10, waiting=0)
2021-03-02 00:14:00 [DEBUG] com.zaxxer.hikari.pool.HikariPool - HikariPool-3 - Fill pool skipped, pool is at sufficient level.
2021-03-02 00:14:30 [DEBUG] com.zaxxer.hikari.pool.HikariPool - HikariPool-3 - Pool stats (total=10, active=0, idle=10, waiting=0)
2021-03-02 00:14:30 [DEBUG] com.zaxxer.hikari.pool.HikariPool - HikariPool-3 - Fill pool skipped, pool is at sufficient level.
2021-03-02 00:15:00 [DEBUG] com.zaxxer.hikari.pool.HikariPool - HikariPool-3 - Pool stats (total=10, active=0, idle=10, waiting=0)
2021-03-02 00:15:00 [DEBUG] com.zaxxer.hikari.pool.HikariPool - HikariPool-3 - Fill pool skipped, pool is at sufficient level.
2021-03-02 00:15:30 [DEBUG] com.zaxxer.hikari.pool.HikariPool - HikariPool-3 - Pool stats (total=10, active=0, idle=10, waiting=0)
2021-03-02 00:15:30 [DEBUG] com.zaxxer.hikari.pool.HikariPool - HikariPool-3 - Fill pool skipped, pool is at sufficient level.
2021-03-02 00:15:54 [DEBUG] org.mybatis.spring.SqlSessionUtils - Creating a new SqlSession
2021-03-02 00:15:54 [DEBUG] org.mybatis.spring.SqlSessionUtils - SqlSession [org.apache.ibatis.session.defaults.DefaultSqlSession@1b6a0c17] was not registered for synchronization because synchronization is not active
2021-03-02 00:15:54 [DEBUG] o.s.jdbc.datasource.DataSourceUtils - Fetching JDBC Connection from DataSource
2021-03-02 00:15:54 [DEBUG] o.m.s.t.SpringManagedTransaction - JDBC Connection [HikariProxyConnection@1945147963 wrapping net.sf.log4jdbc.sql.jdbcapi.ConnectionSpy@5a7df71d] will not be managed by Spring
2021-03-02 00:15:54 [DEBUG] c.sbs.untact.dao.ArticleDao.getBoard - ==>  Preparing: SELECT * FROM board WHERE id = ?
2021-03-02 00:15:54 [DEBUG] c.sbs.untact.dao.ArticleDao.getBoard - ==> Parameters: 1(Integer)
2021-03-02 00:15:54 [DEBUG] jdbc.sqltiming -  com.zaxxer.hikari.pool.ProxyPreparedStatement.execute(ProxyPreparedStatement.java:44)
51. SELECT * FROM board WHERE id = 1 
 {executed in 1 msec}
2021-03-02 00:15:54 [INFO ] jdbc.resultsettable - 
|---|--------------------|--------------------|-------|-----|
|id |regdate             |updatedate          |code   |name |
|---|--------------------|--------------------|-------|-----|
|1  |2021-03-01 19:23:17 |2021-03-01 19:23:17 |notice |공지사항 |
|---|--------------------|--------------------|-------|-----|

2021-03-02 00:15:54 [DEBUG] c.sbs.untact.dao.ArticleDao.getBoard - <==      Total: 1
2021-03-02 00:15:54 [DEBUG] org.mybatis.spring.SqlSessionUtils - Closing non transactional SqlSession [org.apache.ibatis.session.defaults.DefaultSqlSession@1b6a0c17]
2021-03-02 00:15:54 [DEBUG] org.mybatis.spring.SqlSessionUtils - Creating a new SqlSession
2021-03-02 00:15:54 [DEBUG] org.mybatis.spring.SqlSessionUtils - SqlSession [org.apache.ibatis.session.defaults.DefaultSqlSession@13dcfecc] was not registered for synchronization because synchronization is not active
2021-03-02 00:15:54 [DEBUG] o.s.jdbc.datasource.DataSourceUtils - Fetching JDBC Connection from DataSource
2021-03-02 00:15:54 [DEBUG] o.m.s.t.SpringManagedTransaction - JDBC Connection [HikariProxyConnection@1481019256 wrapping net.sf.log4jdbc.sql.jdbcapi.ConnectionSpy@5a7df71d] will not be managed by Spring
2021-03-02 00:15:54 [DEBUG] c.s.u.d.A.getForPrintArticles - ==>  Preparing: SELECT A.*, IFNULL(M.nickname, "탈퇴회원") AS extra__writer FROM article AS A LEFT JOIN `member` AS M ON A.memberId = M.id WHERE 1 ORDER BY A.id DESC LIMIT ?, ?
2021-03-02 00:15:54 [DEBUG] c.s.u.d.A.getForPrintArticles - ==> Parameters: 0(Integer), 20(Integer)
2021-03-02 00:15:54 [DEBUG] jdbc.sqltiming -  com.zaxxer.hikari.pool.ProxyPreparedStatement.execute(ProxyPreparedStatement.java:44)
51. SELECT A.*, IFNULL(M.nickname, "탈퇴회원") AS extra__writer FROM article AS A LEFT JOIN `member` 
AS M ON A.memberId = M.id WHERE 1 ORDER BY A.id DESC LIMIT 0, 20 
 {executed in 0 msec}
2021-03-02 00:15:54 [INFO ] jdbc.resultsettable - 
|---|--------------------|--------------------|--------|---------|---------|---------|--------------|
|id |regdate             |updatedate          |boardid |memberid |title    |body     |extra__writer |
|---|--------------------|--------------------|--------|---------|---------|---------|--------------|
|3  |2021-03-01 19:23:17 |2021-03-01 19:23:17 |1       |1        |제목3 입니다. |내용3 입니다. |user1         |
|2  |2021-03-01 19:23:17 |2021-03-01 19:23:17 |1       |1        |제목2 입니다. |내용2 입니다. |user1         |
|1  |2021-03-01 19:23:17 |2021-03-01 19:23:17 |1       |1        |제목1 입니다. |내용1 입니다. |user1         |
|---|--------------------|--------------------|--------|---------|---------|---------|--------------|

2021-03-02 00:15:54 [DEBUG] c.s.u.d.A.getForPrintArticles - <==      Total: 3
2021-03-02 00:15:54 [DEBUG] org.mybatis.spring.SqlSessionUtils - Closing non transactional SqlSession [org.apache.ibatis.session.defaults.DefaultSqlSession@13dcfecc]
2021-03-02 00:16:00 [DEBUG] com.zaxxer.hikari.pool.HikariPool - HikariPool-3 - Pool stats (total=10, active=0, idle=10, waiting=0)
2021-03-02 00:16:00 [DEBUG] com.zaxxer.hikari.pool.HikariPool - HikariPool-3 - Fill pool skipped, pool is at sufficient level.
2021-03-02 00:16:30 [DEBUG] com.zaxxer.hikari.pool.HikariPool - HikariPool-3 - Pool stats (total=10, active=0, idle=10, waiting=0)
2021-03-02 00:16:30 [DEBUG] com.zaxxer.hikari.pool.HikariPool - HikariPool-3 - Fill pool skipped, pool is at sufficient level.
2021-03-02 00:17:00 [DEBUG] com.zaxxer.hikari.pool.HikariPool - HikariPool-3 - Pool stats (total=10, active=0, idle=10, waiting=0)
2021-03-02 00:17:00 [DEBUG] com.zaxxer.hikari.pool.HikariPool - HikariPool-3 - Fill pool skipped, pool is at sufficient level.
2021-03-02 00:17:30 [DEBUG] com.zaxxer.hikari.pool.HikariPool - HikariPool-3 - Pool stats (total=10, active=0, idle=10, waiting=0)
2021-03-02 00:17:30 [DEBUG] com.zaxxer.hikari.pool.HikariPool - HikariPool-3 - Fill pool skipped, pool is at sufficient level.
2021-03-02 00:18:00 [DEBUG] com.zaxxer.hikari.pool.HikariPool - HikariPool-3 - Pool stats (total=10, active=0, idle=10, waiting=0)
2021-03-02 00:18:00 [DEBUG] com.zaxxer.hikari.pool.HikariPool - HikariPool-3 - Fill pool skipped, pool is at sufficient level.
2021-03-02 00:18:30 [DEBUG] com.zaxxer.hikari.pool.HikariPool - HikariPool-3 - Pool stats (total=10, active=0, idle=10, waiting=0)
2021-03-02 00:18:30 [DEBUG] com.zaxxer.hikari.pool.HikariPool - HikariPool-3 - Fill pool skipped, pool is at sufficient level.
2021-03-02 00:19:00 [DEBUG] com.zaxxer.hikari.pool.HikariPool - HikariPool-3 - Pool stats (total=10, active=0, idle=10, waiting=0)
2021-03-02 00:19:00 [DEBUG] com.zaxxer.hikari.pool.HikariPool - HikariPool-3 - Fill pool skipped, pool is at sufficient level.
2021-03-02 00:19:30 [DEBUG] com.zaxxer.hikari.pool.HikariPool - HikariPool-3 - Pool stats (total=10, active=0, idle=10, waiting=0)
2021-03-02 00:19:30 [DEBUG] com.zaxxer.hikari.pool.HikariPool - HikariPool-3 - Fill pool skipped, pool is at sufficient level.
2021-03-02 00:19:56 [DEBUG] org.mybatis.spring.SqlSessionUtils - Creating a new SqlSession
2021-03-02 00:19:56 [DEBUG] org.mybatis.spring.SqlSessionUtils - SqlSession [org.apache.ibatis.session.defaults.DefaultSqlSession@2a36891e] was not registered for synchronization because synchronization is not active
2021-03-02 00:19:56 [DEBUG] o.s.jdbc.datasource.DataSourceUtils - Fetching JDBC Connection from DataSource
2021-03-02 00:19:56 [DEBUG] o.m.s.t.SpringManagedTransaction - JDBC Connection [HikariProxyConnection@745754293 wrapping net.sf.log4jdbc.sql.jdbcapi.ConnectionSpy@5a7df71d] will not be managed by Spring
2021-03-02 00:19:56 [DEBUG] c.sbs.untact.dao.ArticleDao.getBoard - ==>  Preparing: SELECT * FROM board WHERE id = ?
2021-03-02 00:19:56 [DEBUG] c.sbs.untact.dao.ArticleDao.getBoard - ==> Parameters: 1(Integer)
2021-03-02 00:19:56 [DEBUG] jdbc.sqltiming -  com.zaxxer.hikari.pool.ProxyPreparedStatement.execute(ProxyPreparedStatement.java:44)
51. SELECT * FROM board WHERE id = 1 
 {executed in 1 msec}
2021-03-02 00:19:56 [INFO ] jdbc.resultsettable - 
|---|--------------------|--------------------|-------|-----|
|id |regdate             |updatedate          |code   |name |
|---|--------------------|--------------------|-------|-----|
|1  |2021-03-01 19:23:17 |2021-03-01 19:23:17 |notice |공지사항 |
|---|--------------------|--------------------|-------|-----|

2021-03-02 00:19:56 [DEBUG] c.sbs.untact.dao.ArticleDao.getBoard - <==      Total: 1
2021-03-02 00:19:56 [DEBUG] org.mybatis.spring.SqlSessionUtils - Closing non transactional SqlSession [org.apache.ibatis.session.defaults.DefaultSqlSession@2a36891e]
2021-03-02 00:19:56 [DEBUG] org.mybatis.spring.SqlSessionUtils - Creating a new SqlSession
2021-03-02 00:19:56 [DEBUG] org.mybatis.spring.SqlSessionUtils - SqlSession [org.apache.ibatis.session.defaults.DefaultSqlSession@7398187f] was not registered for synchronization because synchronization is not active
2021-03-02 00:19:56 [DEBUG] o.s.jdbc.datasource.DataSourceUtils - Fetching JDBC Connection from DataSource
2021-03-02 00:19:56 [DEBUG] o.m.s.t.SpringManagedTransaction - JDBC Connection [HikariProxyConnection@1748812416 wrapping net.sf.log4jdbc.sql.jdbcapi.ConnectionSpy@5a7df71d] will not be managed by Spring
2021-03-02 00:19:56 [DEBUG] c.s.u.d.A.getForPrintArticles - ==>  Preparing: SELECT A.*, IFNULL(M.nickname, "탈퇴회원") AS extra__writer FROM article AS A LEFT JOIN `member` AS M ON A.memberId = M.id WHERE 1 ORDER BY A.id DESC LIMIT ?, ?
2021-03-02 00:19:56 [DEBUG] c.s.u.d.A.getForPrintArticles - ==> Parameters: 0(Integer), 20(Integer)
2021-03-02 00:19:56 [DEBUG] jdbc.sqltiming -  com.zaxxer.hikari.pool.ProxyPreparedStatement.execute(ProxyPreparedStatement.java:44)
51. SELECT A.*, IFNULL(M.nickname, "탈퇴회원") AS extra__writer FROM article AS A LEFT JOIN `member` 
AS M ON A.memberId = M.id WHERE 1 ORDER BY A.id DESC LIMIT 0, 20 
 {executed in 1 msec}
2021-03-02 00:19:56 [INFO ] jdbc.resultsettable - 
|---|--------------------|--------------------|--------|---------|---------|---------|--------------|
|id |regdate             |updatedate          |boardid |memberid |title    |body     |extra__writer |
|---|--------------------|--------------------|--------|---------|---------|---------|--------------|
|3  |2021-03-01 19:23:17 |2021-03-01 19:23:17 |1       |1        |제목3 입니다. |내용3 입니다. |user1         |
|2  |2021-03-01 19:23:17 |2021-03-01 19:23:17 |1       |1        |제목2 입니다. |내용2 입니다. |user1         |
|1  |2021-03-01 19:23:17 |2021-03-01 19:23:17 |1       |1        |제목1 입니다. |내용1 입니다. |user1         |
|---|--------------------|--------------------|--------|---------|---------|---------|--------------|

2021-03-02 00:19:56 [DEBUG] c.s.u.d.A.getForPrintArticles - <==      Total: 3
2021-03-02 00:19:56 [DEBUG] org.mybatis.spring.SqlSessionUtils - Closing non transactional SqlSession [org.apache.ibatis.session.defaults.DefaultSqlSession@7398187f]
2021-03-02 00:20:00 [DEBUG] com.zaxxer.hikari.pool.HikariPool - HikariPool-3 - Pool stats (total=10, active=0, idle=10, waiting=0)
2021-03-02 00:20:00 [DEBUG] com.zaxxer.hikari.pool.HikariPool - HikariPool-3 - Fill pool skipped, pool is at sufficient level.
2021-03-02 00:20:30 [DEBUG] com.zaxxer.hikari.pool.HikariPool - HikariPool-3 - Pool stats (total=10, active=0, idle=10, waiting=0)
2021-03-02 00:20:30 [DEBUG] com.zaxxer.hikari.pool.HikariPool - HikariPool-3 - Fill pool skipped, pool is at sufficient level.
2021-03-02 00:20:36 [DEBUG] com.zaxxer.hikari.pool.PoolBase - HikariPool-3 - Closing connection net.sf.log4jdbc.sql.jdbcapi.ConnectionSpy@7d1de3bf: (connection has passed maxLifetime)
2021-03-02 00:20:36 [DEBUG] com.zaxxer.hikari.pool.HikariPool - HikariPool-3 - Added connection net.sf.log4jdbc.sql.jdbcapi.ConnectionSpy@3daf9410
2021-03-02 00:20:37 [DEBUG] com.zaxxer.hikari.pool.PoolBase - HikariPool-3 - Closing connection net.sf.log4jdbc.sql.jdbcapi.ConnectionSpy@5a7df71d: (connection has passed maxLifetime)
2021-03-02 00:20:37 [DEBUG] com.zaxxer.hikari.pool.HikariPool - HikariPool-3 - Added connection net.sf.log4jdbc.sql.jdbcapi.ConnectionSpy@7c929e2b
2021-03-02 00:20:42 [DEBUG] com.zaxxer.hikari.pool.PoolBase - HikariPool-3 - Closing connection net.sf.log4jdbc.sql.jdbcapi.ConnectionSpy@d26c144: (connection has passed maxLifetime)
2021-03-02 00:20:42 [DEBUG] com.zaxxer.hikari.pool.HikariPool - HikariPool-3 - Added connection net.sf.log4jdbc.sql.jdbcapi.ConnectionSpy@4da40739
2021-03-02 00:20:42 [DEBUG] com.zaxxer.hikari.pool.PoolBase - HikariPool-3 - Closing connection net.sf.log4jdbc.sql.jdbcapi.ConnectionSpy@4c1bcb7f: (connection has passed maxLifetime)
2021-03-02 00:20:42 [DEBUG] com.zaxxer.hikari.pool.HikariPool - HikariPool-3 - Added connection net.sf.log4jdbc.sql.jdbcapi.ConnectionSpy@1cbd6164
2021-03-02 00:20:46 [DEBUG] com.zaxxer.hikari.pool.PoolBase - HikariPool-3 - Closing connection net.sf.log4jdbc.sql.jdbcapi.ConnectionSpy@78f4ddfa: (connection has passed maxLifetime)
2021-03-02 00:20:46 [DEBUG] com.zaxxer.hikari.pool.HikariPool - HikariPool-3 - Added connection net.sf.log4jdbc.sql.jdbcapi.ConnectionSpy@2d96a2b4
2021-03-02 00:20:50 [DEBUG] com.zaxxer.hikari.pool.PoolBase - HikariPool-3 - Closing connection net.sf.log4jdbc.sql.jdbcapi.ConnectionSpy@59e6288e: (connection has passed maxLifetime)
2021-03-02 00:20:50 [DEBUG] com.zaxxer.hikari.pool.HikariPool - HikariPool-3 - Added connection net.sf.log4jdbc.sql.jdbcapi.ConnectionSpy@18f39978
2021-03-02 00:20:57 [DEBUG] com.zaxxer.hikari.pool.PoolBase - HikariPool-3 - Closing connection net.sf.log4jdbc.sql.jdbcapi.ConnectionSpy@39c9d7c1: (connection has passed maxLifetime)
2021-03-02 00:20:57 [DEBUG] com.zaxxer.hikari.pool.HikariPool - HikariPool-3 - Added connection net.sf.log4jdbc.sql.jdbcapi.ConnectionSpy@5c9cb002
2021-03-02 00:21:00 [DEBUG] com.zaxxer.hikari.pool.HikariPool - HikariPool-3 - Pool stats (total=10, active=0, idle=10, waiting=0)
2021-03-02 00:21:00 [DEBUG] com.zaxxer.hikari.pool.HikariPool - HikariPool-3 - Fill pool skipped, pool is at sufficient level.
2021-03-02 00:21:14 [DEBUG] com.zaxxer.hikari.pool.PoolBase - HikariPool-3 - Closing connection net.sf.log4jdbc.sql.jdbcapi.ConnectionSpy@8ba48d1: (connection has passed maxLifetime)
2021-03-02 00:21:14 [DEBUG] com.zaxxer.hikari.pool.HikariPool - HikariPool-3 - Added connection net.sf.log4jdbc.sql.jdbcapi.ConnectionSpy@1fda7cda
2021-03-02 00:21:30 [DEBUG] com.zaxxer.hikari.pool.HikariPool - HikariPool-3 - Pool stats (total=10, active=0, idle=10, waiting=0)
2021-03-02 00:21:30 [DEBUG] com.zaxxer.hikari.pool.HikariPool - HikariPool-3 - Fill pool skipped, pool is at sufficient level.
2021-03-02 00:21:40 [DEBUG] com.zaxxer.hikari.pool.PoolBase - HikariPool-3 - Closing connection net.sf.log4jdbc.sql.jdbcapi.ConnectionSpy@9d64bc1: (connection has passed maxLifetime)
2021-03-02 00:21:40 [DEBUG] com.zaxxer.hikari.pool.HikariPool - HikariPool-3 - Added connection net.sf.log4jdbc.sql.jdbcapi.ConnectionSpy@500dbd50
2021-03-02 00:21:49 [DEBUG] com.zaxxer.hikari.pool.PoolBase - HikariPool-3 - Closing connection net.sf.log4jdbc.sql.jdbcapi.ConnectionSpy@71d15c4e: (connection has passed maxLifetime)
2021-03-02 00:21:49 [DEBUG] com.zaxxer.hikari.pool.HikariPool - HikariPool-3 - Added connection net.sf.log4jdbc.sql.jdbcapi.ConnectionSpy@56bfc8b8
2021-03-02 00:22:00 [DEBUG] com.zaxxer.hikari.pool.HikariPool - HikariPool-3 - Pool stats (total=10, active=0, idle=10, waiting=0)
2021-03-02 00:22:00 [DEBUG] com.zaxxer.hikari.pool.HikariPool - HikariPool-3 - Fill pool skipped, pool is at sufficient level.
2021-03-02 00:22:19 [DEBUG] o.s.boot.devtools.restart.Restarter - Restarting application
2021-03-02 00:22:19 [DEBUG] o.s.boot.devtools.restart.Restarter - Stopping application
2021-03-02 00:22:19 [DEBUG] o.s.b.w.s.c.AnnotationConfigServletWebServerApplicationContext - Closing org.springframework.boot.web.servlet.context.AnnotationConfigServletWebServerApplicationContext@30dcdd21, started on Mon Mar 01 22:21:19 KST 2021
2021-03-02 00:22:19 [DEBUG] o.s.c.s.DefaultLifecycleProcessor - Stopping beans in phase 2147483647
2021-03-02 00:22:19 [DEBUG] o.s.c.s.DefaultLifecycleProcessor - Bean 'webServerGracefulShutdown' completed its stop procedure
2021-03-02 00:22:19 [DEBUG] o.s.c.s.DefaultLifecycleProcessor - Stopping beans in phase 2147483646
2021-03-02 00:22:19 [DEBUG] o.s.c.s.DefaultLifecycleProcessor - Bean 'webServerStartStop' completed its stop procedure
2021-03-02 00:22:19 [DEBUG] o.s.j.e.a.AnnotationMBeanExporter - Unregistering JMX-exposed beans on shutdown
2021-03-02 00:22:19 [DEBUG] o.s.j.e.a.AnnotationMBeanExporter - Unregistering JMX-exposed beans
2021-03-02 00:22:19 [INFO ] o.s.s.c.ThreadPoolTaskExecutor - Shutting down ExecutorService 'applicationTaskExecutor'
2021-03-02 00:22:19 [INFO ] com.zaxxer.hikari.HikariDataSource - HikariPool-3 - Shutdown initiated...
2021-03-02 00:22:19 [DEBUG] com.zaxxer.hikari.pool.HikariPool - HikariPool-3 - Before shutdown stats (total=10, active=0, idle=10, waiting=0)
2021-03-02 00:22:19 [DEBUG] com.zaxxer.hikari.pool.PoolBase - HikariPool-3 - Closing connection net.sf.log4jdbc.sql.jdbcapi.ConnectionSpy@3daf9410: (connection evicted)
2021-03-02 00:22:19 [DEBUG] com.zaxxer.hikari.pool.PoolBase - HikariPool-3 - Closing connection net.sf.log4jdbc.sql.jdbcapi.ConnectionSpy@7c929e2b: (connection evicted)
2021-03-02 00:22:19 [DEBUG] com.zaxxer.hikari.pool.PoolBase - HikariPool-3 - Closing connection net.sf.log4jdbc.sql.jdbcapi.ConnectionSpy@4da40739: (connection evicted)
2021-03-02 00:22:19 [DEBUG] com.zaxxer.hikari.pool.PoolBase - HikariPool-3 - Closing connection net.sf.log4jdbc.sql.jdbcapi.ConnectionSpy@1cbd6164: (connection evicted)
2021-03-02 00:22:19 [DEBUG] com.zaxxer.hikari.pool.PoolBase - HikariPool-3 - Closing connection net.sf.log4jdbc.sql.jdbcapi.ConnectionSpy@2d96a2b4: (connection evicted)
2021-03-02 00:22:19 [DEBUG] com.zaxxer.hikari.pool.PoolBase - HikariPool-3 - Closing connection net.sf.log4jdbc.sql.jdbcapi.ConnectionSpy@18f39978: (connection evicted)
2021-03-02 00:22:19 [DEBUG] com.zaxxer.hikari.pool.PoolBase - HikariPool-3 - Closing connection net.sf.log4jdbc.sql.jdbcapi.ConnectionSpy@5c9cb002: (connection evicted)
2021-03-02 00:22:19 [DEBUG] com.zaxxer.hikari.pool.PoolBase - HikariPool-3 - Closing connection net.sf.log4jdbc.sql.jdbcapi.ConnectionSpy@1fda7cda: (connection evicted)
2021-03-02 00:22:19 [DEBUG] com.zaxxer.hikari.pool.PoolBase - HikariPool-3 - Closing connection net.sf.log4jdbc.sql.jdbcapi.ConnectionSpy@500dbd50: (connection evicted)
2021-03-02 00:22:19 [DEBUG] com.zaxxer.hikari.pool.PoolBase - HikariPool-3 - Closing connection net.sf.log4jdbc.sql.jdbcapi.ConnectionSpy@56bfc8b8: (connection evicted)
2021-03-02 00:22:19 [DEBUG] com.zaxxer.hikari.pool.HikariPool - HikariPool-3 - After shutdown stats (total=0, active=0, idle=0, waiting=0)
2021-03-02 00:22:19 [INFO ] com.zaxxer.hikari.HikariDataSource - HikariPool-3 - Shutdown completed.
2021-03-02 00:22:19 [DEBUG] o.s.boot.devtools.restart.Restarter - Created RestartClassLoader org.springframework.boot.devtools.restart.classloader.RestartClassLoader@4158e53a
2021-03-02 00:22:19 [DEBUG] o.s.boot.devtools.restart.Restarter - Starting application com.sbs.untact.UntactApplication with URLs [file:/C:/work/sts-4.9.0.RELEASE-workspace/untact/target/classes/]
